\BOOKMARK [1][-]{section.1}{\376\377\000C\000\351\000g\000\374\000n\000k\000\040\000b\000e\000m\000u\000t\000a\000t\000\341\000s\000a}{}% 1
\BOOKMARK [1][-]{section.2}{\376\377\000E\000l\000s\001\121\000\040\000n\000e\000g\000y\000e\000d\000\351\000v\000e\000s\000\040\000m\000u\000n\000k\000a\000\040\000\366\000s\000s\000z\000e\000f\000o\000g\000l\000a\000l\000\341\000s\000a}{}% 2
\BOOKMARK [1][-]{section.3}{\376\377\000J\000e\000l\000e\000n\000l\000e\000g\000i\000\040\000r\000e\000n\000d\000s\000z\000e\000r}{}% 3
\BOOKMARK [2][-]{subsection.3.1}{\376\377\000I\000s\000m\000e\000r\000t\000e\000t\000\351\000s}{section.3}% 4
\BOOKMARK [2][-]{subsection.3.2}{\376\377\000P\000r\000o\000b\000l\000\351\000m\000a}{section.3}% 5
\BOOKMARK [1][-]{section.4}{\376\377\000C\000\351\000l\000k\000i\000t\001\161\000z\000\351\000s}{}% 6
\BOOKMARK [1][-]{section.5}{\376\377\000\301\000t\000a\000l\000a\000k\000\355\000t\000\341\000s\000i\000\040\000t\000e\000r\000v\000e\000k}{}% 7
\BOOKMARK [1][-]{section.6}{\376\377\000O\000b\000j\000e\000k\000t\000u\000m\000\040\000d\000e\000t\000e\000k\000t\000\341\000l\000\363\000\040\000a\000l\000r\000e\000n\000d\000s\000z\000e\000r}{}% 8
\BOOKMARK [2][-]{subsection.6.1}{\376\377\000M\001\161\000k\000\366\000d\000\351\000s\000\040\000\366\000s\000s\000z\000e\000f\000o\000g\000l\000a\000l\000\341\000s\000a\000,\000\040\000k\000\366\000v\000e\000t\000e\000l\000m\000\351\000n\000y\000e\000k}{section.6}% 9
\BOOKMARK [2][-]{subsection.6.2}{\376\377\000S\000z\000e\000n\000z\000o\000r\000\040\000\351\000s\000\040\000f\000e\000l\000d\000o\000l\000g\000o\000z\000\363\000\040\000e\000g\000y\000s\000\351\000g}{section.6}% 10
\BOOKMARK [2][-]{subsection.6.3}{\376\377\000E\000l\001\121\000f\000e\000l\000d\000o\000l\000g\000o\000z\000\341\000s}{section.6}% 11
\BOOKMARK [2][-]{subsection.6.4}{\376\377\000K\000l\000a\000s\000s\000z\000i\000f\000i\000k\000\341\000c\000i\000\363\000s\000\040\000\351\000s\000\040\000s\000z\000e\000g\000m\000e\000n\000t\000\341\000l\000\363\000\040\000n\000e\000u\000r\000\341\000l\000i\000s\000\040\000h\000\341\000l\000\363}{section.6}% 12
\BOOKMARK [2][-]{subsection.6.5}{\376\377\000H\000\341\000l\000\363\000\050\000k\000\051\000\040\000t\000a\000n\000\355\000t\000\341\000s\000a}{section.6}% 13
\BOOKMARK [2][-]{subsection.6.6}{\376\377\000A\000d\000a\000t\000s\000z\000e\000r\000z\000\351\000s}{section.6}% 14
\BOOKMARK [2][-]{subsection.6.7}{\376\377\000A\000l\000r\000e\000n\000d\000s\000z\000e\000r\000\040\000k\000i\000m\000e\000n\000e\000t\000e}{section.6}% 15
\BOOKMARK [1][-]{section.7}{\376\377\000O\000b\000j\000e\000k\000t\000u\000m\000\040\000m\000a\000n\000i\000p\000u\000l\000\341\000l\000\363\000\040\000a\000l\000r\000e\000n\000d\000s\000z\000e\000r}{}% 16
\BOOKMARK [2][-]{subsection.7.1}{\376\377\000M\001\161\000k\000\366\000d\000\351\000s\000\040\000\366\000s\000s\000z\000e\000f\000o\000g\000l\000a\000l\000\341\000s\000a\000,\000\040\000k\000\366\000v\000e\000t\000e\000l\000m\000\351\000n\000y\000e\000k}{section.7}% 17
\BOOKMARK [2][-]{subsection.7.2}{\376\377\000M\000a\000n\000i\000p\000u\000l\000\341\000t\000o\000r}{section.7}% 18
\BOOKMARK [2][-]{subsection.7.3}{\376\377\000I\000r\000\341\000n\000y\000\355\000t\000\341\000s\000i\000\040\000k\000e\000r\000e\000t\000r\000e\000n\000d\000s\000z\000e\000r}{section.7}% 19
\BOOKMARK [2][-]{subsection.7.4}{\376\377\000P\000o\000z\000\355\000c\000i\000\363\000\040\000e\000l\000l\000e\000n\001\121\000r\000z\000\351\000s\000,\000\040\000k\000o\000r\000r\000e\000k\000c\000i\000\363}{section.7}% 20
\BOOKMARK [1][-]{section.8}{\376\377\000O\000p\000t\000i\000m\000a\000l\000i\000z\000\341\000c\000i\000\363\000s\000\040\000a\000l\000r\000e\000n\000d\000s\000z\000e\000r}{}% 21
\BOOKMARK [1][-]{section.9}{\376\377\000B\000i\000z\000t\000o\000n\000s\000\341\000g\000i\000\040\000a\000l\000r\000e\000n\000d\000s\000z\000e\000r}{}% 22
\BOOKMARK [2][-]{subsection.9.1}{\376\377\000M\000a\000n\000i\000p\000u\000l\000\341\000t\000o\000r\000\040\000m\000u\000n\000k\000a\000t\000e\000r\000\374\000l\000e\000t\000e}{section.9}% 23
\BOOKMARK [2][-]{subsection.9.2}{\376\377\000M\000a\000n\000i\000p\000u\000l\000\341\000t\000o\000r}{section.9}% 24
\BOOKMARK [2][-]{subsection.9.3}{\376\377\000F\000\351\000s\000z\000e\000k\000b\000e\000l\000i\000\040\000p\000o\000z\000\355\000c\000i\000\363\000h\000i\000b\000a}{section.9}% 25
\BOOKMARK [2][-]{subsection.9.4}{\376\377\000V\000\351\000l\000e\000t\000l\000e\000n\000s\000z\000e\000r\001\161\000\040\000h\000i\000b\000a\000d\000e\000t\000e\000k\000t\000\341\000l\000\341\000s}{section.9}% 26
\BOOKMARK [1][-]{section.10}{\376\377\000F\000e\000l\000h\000a\000s\000z\000n\000\341\000l\000\363\000i\000\040\000f\000e\000l\000\374\000l\000e\000t\000\040\000-\000\040\000G\000U\000I}{}% 27
\BOOKMARK [1][-]{section.11}{\376\377\000T\000o\000v\000\341\000b\000b\000i\000\040\000f\000e\000l\000h\000a\000s\000z\000n\000\341\000l\000\341\000s\000i\000\040\000t\000e\000r\000\374\000l\000e\000t\000e\000k\000,\000\040\000i\000n\000t\000e\000g\000r\000i\000t\000\341\000s}{}% 28
\BOOKMARK [2][-]{subsection.11.1}{\376\377\000O\000b\000j\000e\000k\000t\000u\000m\000\040\000d\000e\000t\000e\000k\000t\000\341\000l\000\363\000\040\000a\000l\000r\000e\000n\000d\000s\000z\000e\000r\000\040\000t\000o\000v\000\341\000b\000b\000i\000\040\000f\000e\000l\000h\000a\000s\000z\000n\000\341\000l\000\341\000s\000a}{section.11}% 29
\BOOKMARK [2][-]{subsection.11.2}{\376\377\000O\000p\000t\000i\000m\000a\000l\000i\000z\000\341\000c\000i\000\363\000s\000\040\000a\000l\000r\000e\000n\000d\000s\000z\000e\000r\000\040\000t\000o\000v\000\341\000b\000b\000i\000\040\000f\000e\000l\000h\000a\000s\000z\000n\000\341\000l\000\341\000s\000a}{section.11}% 30
\BOOKMARK [1][-]{section.12}{\376\377\000I\000r\000o\000d\000a\000l\000o\000m\000j\000e\000g\000y\000z\000\351\000k}{}% 31
\BOOKMARK [2][-]{subsection.12.1}{\376\377\000O\000b\000j\000e\000k\000t\000u\000m\000\040\000d\000e\000t\000e\000k\000t\000\341\000l\000\363\000\040\000a\000l\000r\000e\000n\000d\000s\000z\000e\000r}{section.12}% 32
\BOOKMARK [2][-]{subsection.12.2}{\376\377\000O\000b\000j\000e\000k\000t\000u\000m\000\040\000m\000a\000n\000i\000p\000u\000l\000\341\000l\000\363\000\040\000a\000l\000r\000e\000n\000d\000s\000z\000e\000r}{section.12}% 33
\BOOKMARK [2][-]{subsection.12.3}{\376\377\000O\000p\000t\000i\000m\000a\000l\000i\000z\000\341\000c\000i\000\363\000s\000\040\000a\000l\000r\000e\000n\000d\000s\000z\000e\000r}{section.12}% 34
\BOOKMARK [1][-]{section.13}{\376\377\000M\000e\000l\000l\000\351\000k\000l\000e\000t\000e\000k}{}% 35
