\BOOKMARK [1][-]{section.1}{\376\377\000\326\000s\000s\000z\000e\000f\000o\000g\000l\000a\000l\000\363}{}% 1
\BOOKMARK [1][-]{section.2}{\376\377\000O\000b\000j\000e\000k\000t\000u\000m\000\040\000d\000e\000t\000e\000k\000t\000\341\000l\000\363\000\040\000a\000l\000r\000e\000n\000d\000s\000z\000e\000r}{}% 2
\BOOKMARK [2][-]{subsection.2.1}{\376\377\000H\000a\000r\000d\000v\000e\000r\000\040\000v\000\341\000l\000t\000o\000z\000t\000a\000t\000\341\000s\000o\000k}{section.2}% 3
\BOOKMARK [2][-]{subsection.2.2}{\376\377\000D\000e\000e\000p\000\040\000L\000e\000a\000r\000n\000i\000n\000g}{section.2}% 4
\BOOKMARK [2][-]{subsection.2.3}{\376\377\000O\000b\000j\000e\000k\000t\000u\000m\000\040\000d\000e\000t\000e\000k\000t\000\341\000l\000\341\000s\000\040\000m\000\351\000l\000y\000t\000a\000n\000u\000l\000\341\000s\000\040\000a\000l\000a\000p\000o\000n}{section.2}% 5
\BOOKMARK [3][-]{subsubsection.2.3.1}{\376\377\000B\000o\000u\000n\000d\000i\000n\000g\000\040\000b\000o\000x}{subsection.2.3}% 6
\BOOKMARK [3][-]{subsubsection.2.3.2}{\376\377\000S\000e\000m\000a\000n\000t\000i\000c\000\040\000s\000e\000g\000m\000e\000n\000t\000a\000t\000i\000o\000n}{subsection.2.3}% 7
\BOOKMARK [3][-]{subsubsection.2.3.3}{\376\377\000I\000n\000s\000t\000a\000n\000c\000e\000\040\000s\000e\000g\000m\000e\000n\000t\000a\000t\000i\000o\000n}{subsection.2.3}% 8
\BOOKMARK [3][-]{subsubsection.2.3.4}{\376\377\000K\000e\000y\000p\000o\000i\000n\000t\000\040\000d\000e\000t\000e\000c\000t\000i\000o\000n}{subsection.2.3}% 9
\BOOKMARK [2][-]{subsection.2.4}{\376\377\000P\000r\000o\000j\000e\000k\000t\000\040\000s\000o\000r\000\341\000n\000\040\000n\000e\000m\000\040\000v\000i\000z\000s\000g\000\341\000l\000a\000n\000d\000\363\000\040\000h\000\341\000l\000\363\000a\000r\000c\000h\000i\000t\000e\000k\000t\000\372\000r\000\341\000k}{section.2}% 10
\BOOKMARK [3][-]{subsubsection.2.4.1}{\376\377\000R\000C\000N\000N\000\040\000\351\000s\000\040\000F\000a\000s\000t\000e\000r\000-\000R\000C\000N\000N}{subsection.2.4}% 11
\BOOKMARK [3][-]{subsubsection.2.4.2}{\376\377\000V\000i\000s\000i\000o\000n\000\040\000-\000\040\000t\000r\000a\000n\000s\000z\000f\000o\000r\000m\000e\000r\000e\000k}{subsection.2.4}% 12
\BOOKMARK [2][-]{subsection.2.5}{\376\377\000V\000i\000z\000s\000g\000\341\000l\000t\000\040\000h\000\341\000l\000\363\000a\000r\000c\000h\000i\000t\000e\000k\000t\000\372\000r\000\341\000k}{section.2}% 13
\BOOKMARK [3][-]{subsubsection.2.5.1}{\376\377\000E\000g\000y\000s\000z\000e\000r\001\161\000\040\000k\000o\000n\000v\000o\000l\000\372\000c\000i\000\363\000s\000\040\000h\000\341\000l\000\363\000\040\000-\000\040\000U\000-\000n\000e\000t}{subsection.2.5}% 14
\BOOKMARK [3][-]{subsubsection.2.5.2}{\376\377\000S\000S\000D}{subsection.2.5}% 15
\BOOKMARK [3][-]{subsubsection.2.5.3}{\376\377\000Y\000O\000L\000O}{subsection.2.5}% 16
\BOOKMARK [2][-]{subsection.2.6}{\376\377\000K\000o\000n\000k\000l\000\372\000z\000i\000\363}{section.2}% 17
\BOOKMARK [1][-]{section.3}{\376\377\000R\000o\000b\000o\000t\000\040\000m\000a\000n\000i\000p\000u\000l\000\341\000t\000o\000r}{}% 18
\BOOKMARK [2][-]{subsection.3.1}{\376\377\000V\000\351\000g\000b\000e\000r\000e\000n\000d\000e\000z\000\351\000s\000\040\000k\000i\000v\000\341\000l\000a\000s\000z\000t\000\341\000s\000a}{section.3}% 19
\BOOKMARK [2][-]{subsection.3.2}{\376\377\000M\000o\000d\000e\000l\000l\000e\000z\000\351\000s}{section.3}% 20
\BOOKMARK [1][-]{section.4}{\376\377\000I\000r\000o\000d\000a\000l\000o\000m\000j\000e\000g\000y\000z\000\351\000k}{}% 21
